{"G:\\bloodbankbackend\\client\\src\\Api\\axiosConfig.js": {"path":"G:\\bloodbankbackend\\client\\src\\Api\\axiosConfig.js","statementMap":{"0":{"start":{"line":3,"column":18},"end":{"line":5,"column":2}},"1":{"start":{"line":7,"column":0},"end":{"line":7,"column":42}},"2":{"start":{"line":8,"column":0},"end":{"line":8,"column":42}}},"fnMap":{},"branchMap":{},"s":{"0":0,"1":0,"2":0},"f":{},"b":{}}
,"G:\\bloodbankbackend\\client\\src\\pages\\Admin\\Confirmation.jsx": {"path":"G:\\bloodbankbackend\\client\\src\\pages\\Admin\\Confirmation.jsx","statementMap":{},"fnMap":{},"branchMap":{},"s":{},"f":{},"b":{}}
,"G:\\bloodbankbackend\\client\\src\\pages\\DonerPage\\DonateBlood.jsx": {"path":"G:\\bloodbankbackend\\client\\src\\pages\\DonerPage\\DonateBlood.jsx","statementMap":{},"fnMap":{},"branchMap":{},"s":{},"f":{},"b":{}}
,"G:\\bloodbankbackend\\client\\src\\store\\Store.jsx": {"path":"G:\\bloodbankbackend\\client\\src\\store\\Store.jsx","statementMap":{"0":{"start":{"line":5,"column":21},"end":{"line":10,"column":2}}},"fnMap":{},"branchMap":{},"s":{"0":0},"f":{},"b":{}}
,"G:\\bloodbankbackend\\client\\src\\store\\slices\\CounterSlice.jsx": {"path":"G:\\bloodbankbackend\\client\\src\\store\\slices\\CounterSlice.jsx","statementMap":{"0":{"start":{"line":3,"column":21},"end":{"line":5,"column":1}},"1":{"start":{"line":7,"column":28},"end":{"line":21,"column":2}},"2":{"start":{"line":12,"column":6},"end":{"line":12,"column":22}},"3":{"start":{"line":15,"column":6},"end":{"line":15,"column":22}},"4":{"start":{"line":18,"column":6},"end":{"line":18,"column":35}},"5":{"start":{"line":24,"column":59},"end":{"line":24,"column":79}}},"fnMap":{"0":{"name":"(anonymous_0)","decl":{"start":{"line":11,"column":15},"end":{"line":11,"column":16}},"loc":{"start":{"line":11,"column":26},"end":{"line":13,"column":5}},"line":11},"1":{"name":"(anonymous_1)","decl":{"start":{"line":14,"column":15},"end":{"line":14,"column":16}},"loc":{"start":{"line":14,"column":26},"end":{"line":16,"column":5}},"line":14},"2":{"name":"(anonymous_2)","decl":{"start":{"line":17,"column":23},"end":{"line":17,"column":24}},"loc":{"start":{"line":17,"column":42},"end":{"line":19,"column":5}},"line":17}},"branchMap":{},"s":{"0":0,"1":0,"2":0,"3":0,"4":0,"5":0},"f":{"0":0,"1":0,"2":0},"b":{}}
,"G:\\bloodbankbackend\\client\\src\\store\\slices\\UserSlice.jsx": {"path":"G:\\bloodbankbackend\\client\\src\\store\\slices\\UserSlice.jsx","statementMap":{"0":{"start":{"line":3,"column":21},"end":{"line":6,"column":1}},"1":{"start":{"line":8,"column":18},"end":{"line":26,"column":2}},"2":{"start":{"line":13,"column":12},"end":{"line":13,"column":36}},"3":{"start":{"line":16,"column":12},"end":{"line":16,"column":30}},"4":{"start":{"line":17,"column":12},"end":{"line":17,"column":37}},"5":{"start":{"line":20,"column":12},"end":{"line":20,"column":40}},"6":{"start":{"line":23,"column":12},"end":{"line":23,"column":30}},"7":{"start":{"line":28,"column":66},"end":{"line":28,"column":83}}},"fnMap":{"0":{"name":"(anonymous_0)","decl":{"start":{"line":12,"column":15},"end":{"line":12,"column":16}},"loc":{"start":{"line":12,"column":26},"end":{"line":14,"column":9}},"line":12},"1":{"name":"(anonymous_1)","decl":{"start":{"line":15,"column":16},"end":{"line":15,"column":17}},"loc":{"start":{"line":15,"column":27},"end":{"line":18,"column":9}},"line":15},"2":{"name":"(anonymous_2)","decl":{"start":{"line":19,"column":24},"end":{"line":19,"column":25}},"loc":{"start":{"line":19,"column":43},"end":{"line":21,"column":9}},"line":19},"3":{"name":"(anonymous_3)","decl":{"start":{"line":22,"column":24},"end":{"line":22,"column":25}},"loc":{"start":{"line":22,"column":35},"end":{"line":24,"column":9}},"line":22}},"branchMap":{"0":{"loc":{"start":{"line":4,"column":10},"end":{"line":4,"column":98}},"type":"cond-expr","locations":[{"start":{"line":4,"column":46},"end":{"line":4,"column":91}},{"start":{"line":4,"column":94},"end":{"line":4,"column":98}}],"line":4}},"s":{"0":0,"1":0,"2":0,"3":0,"4":0,"5":0,"6":0,"7":0},"f":{"0":0,"1":0,"2":0,"3":0},"b":{"0":[0,0]}}
}
